$ cargo test
   Сборка игра_угадай_число v0.1.0 (file:///projects/guessing_game)
    Finished `test` profile [unoptimized + debuginfo] target(s) in 0.66s
     Запщущен unittests src/lib.rs (target/debug/deps/guessing_game-57d70c3acb738f4d)

запщущен 1 test
test tests::greater_than_100 - should panic ... FAILED

failures:

---- tests::greater_than_100 stdout ----
thread 'tests::greater_than_100' panicked at src/lib.rs:12:13:
Догадка value must be greater than or equal to 1, got 200.
примечание: run with `RUST_BACKTRACE=1` environment variable to display a backtrace
примечание: panic did not contain expected string
      panic сообщение: `"Догадка value must be greater than or equal to 1, got 200."`,
 expected substring: `"less than or equal to 100"`

failures:
    tests::greater_than_100

test result: FAILED. 0 passed; 1 failed; 0 ignored; 0 measured; 0 filtered out; finished in 0.00s

ошибка: test failed, to rerun pass `--lib`
